INFO    : PreTeXt-CLI version: 2.4.1

INFO    : PreTeXt project found in `C:\Users\cory.g.wilson\Dropbox\school\occc\calc-notes\tbil`.
INFO    : Since no target was supplied, we will use "web".

INFO    : Staging latest build located in `C:\Users\cory.g.wilson\Dropbox\school\occc\calc-notes\tbil\output\web` at `C:\Users\cory.g.wilson\Dropbox\school\occc\calc-notes\tbil\output\stage`.
INFO    : 
INFO    : Deployment is now staged at `C:\Users\cory.g.wilson\Dropbox\school\occc\calc-notes\tbil\output\stage`.
INFO    : Preparing to deploy from active `main` git branch.
INFO    : 
INFO    : Committing your latest build to the `gh-pages` branch.
INFO    : 
INFO    : Attempting to connect to remote repository at `git@github.com:cg2wilson/calc-1-tbil.git`...
INFO    : 
INFO    : 
INFO    : Latest build successfully pushed to GitHub!
INFO    : 
INFO    : To enable GitHub Pages, visit
INFO    :     https://github.com/cg2wilson/calc-1-tbil/settings/pages
INFO    : selecting the `gh-pages` branch with the `/ (root)` folder.
INFO    : 
INFO    : Visit
INFO    :     https://github.com/cg2wilson/calc-1-tbil/actions/
INFO    : to check on the status of your GitHub Pages deployment.
INFO    : 
INFO    : Your built project will soon be available to the public at:
INFO    :     https://cg2wilson.github.io/calc-1-tbil/
