INFO    : PreTeXt-CLI version: 2.4.1

INFO    : PreTeXt project found in `C:\Users\cory.g.wilson\Dropbox\school\occc\calc-coordination\tbil`.
INFO    : Since no target was supplied, we will use "web".

INFO    : Preparing to build into C:\Users\cory.g.wilson\Dropbox\school\occc\calc-coordination\tbil\output\web.
INFO    : discovering source file's directory name: C:\Users\cory.g.wilson\Dropbox\school\occc\calc-coordination\tbil\source
INFO    : verifying and expanding input directory: C:\Users\cory.g.wilson\Dropbox\school\occc\calc-coordination\tbil\source\../generated-assets
INFO    : input directory expanded to absolute path: C:\Users\cory.g.wilson\Dropbox\school\occc\calc-coordination\tbil\generated-assets
INFO    : verifying and expanding input directory: C:\Users\cory.g.wilson\Dropbox\school\occc\calc-coordination\tbil\source\../assets
INFO    : input directory expanded to absolute path: C:\Users\cory.g.wilson\Dropbox\school\occc\calc-coordination\tbil\assets
INFO    : Runestone Services (via PreTeXt repository): version 7.2.15
INFO    : Runestone Services (using newer, via online CDN query): version 7.3.3
INFO    : converting C:\Users\cory.g.wilson\Dropbox\school\occc\calc-coordination\tbil\source\main.ptx to HTML in C:\Users\CORYG~1.WIL\AppData\Local\Temp\ptx-0svitbsh
INFO    : XSL conversion of C:\Users\cory.g.wilson\Dropbox\school\occc\calc-coordination\tbil\source\main.ptx by C:\Users\cory.g.wilson\.ptx\xsl\pretext-html.xsl
INFO    : messages from the log for XSL processing (indented):
INFO    :     * PTX:ERROR:      The @xml:id "sec-test 1" is invalid.  Use only letters, numbers, hyphens and underscores.
INFO    : successful application of C:\Users\cory.g.wilson\.ptx\xsl\pretext-html.xsl
CRITICAL: xml:id : attribute value sec-test 1 is not an NCName, line 7, column 31 (file:///C:/Users/cory.g.wilson/Dropbox/school/occc/calc-coordination/tbil/source/theory-defs.ptx, line 7)
INFO    : ------------------------
CRITICAL: Failed to build.  Exiting...
INFO    : While running pretext, the following errors occurred:

