INFO    : PreTeXt-CLI version: 2.4.1

INFO    : PreTeXt project found in `C:\Users\cory.g.wilson\Dropbox\school\occc\calc-notes\tbil`.
INFO    : Preparing to build into C:\Users\cory.g.wilson\Dropbox\school\occc\calc-notes\tbil\output\web.
INFO    : discovering source file's directory name: C:\Users\cory.g.wilson\Dropbox\school\occc\calc-notes\tbil\source
INFO    : verifying and expanding input directory: C:\Users\cory.g.wilson\Dropbox\school\occc\calc-notes\tbil\source\../generated-assets
INFO    : input directory expanded to absolute path: C:\Users\cory.g.wilson\Dropbox\school\occc\calc-notes\tbil\generated-assets
INFO    : verifying and expanding input directory: C:\Users\cory.g.wilson\Dropbox\school\occc\calc-notes\tbil\source\../assets
INFO    : input directory expanded to absolute path: C:\Users\cory.g.wilson\Dropbox\school\occc\calc-notes\tbil\assets
INFO    : Runestone Services (via PreTeXt repository): version 7.2.15
INFO    : Runestone Services (using newer, via online CDN query): version 7.3.3
INFO    : converting C:\Users\cory.g.wilson\Dropbox\school\occc\calc-notes\tbil\source\main.ptx to HTML in C:\Users\CORYG~1.WIL\AppData\Local\Temp\ptx-460dqjm1
INFO    : XSL conversion of C:\Users\cory.g.wilson\Dropbox\school\occc\calc-notes\tbil\source\main.ptx by C:\Users\cory.g.wilson\.ptx\xsl\pretext-html.xsl
INFO    : messages from the log for XSL processing (indented):
INFO    :     * PTX:ERROR:   a cross-reference ("xref") uses references [def-limit] that do not point to any target, or perhaps point to multiple targets.  Maybe you typed an @xml:id value wrong, maybe the target of the @xml:id is nonexistent, or maybe you temporarily removed the target from your source, or maybe an auxiliary file contains a duplicate.  Your output will contain some placeholder text that you will not want to distribute to your readers.
INFO    :     *              located within: "L1-activities" (xml:id), "In-Class Activities" (title)
INFO    :     * PTX:ERROR:   a cross-reference ("xref") uses references [direct-substitution] that do not point to any target, or perhaps point to multiple targets.  Maybe you typed an @xml:id value wrong, maybe the target of the @xml:id is nonexistent, or maybe you temporarily removed the target from your source, or maybe an auxiliary file contains a duplicate.  Your output will contain some placeholder text that you will not want to distribute to your readers.
INFO    :     *              located within: "activity-limits-rationals1" (xml:id)
INFO    :     * PTX:ERROR:   a cross-reference ("xref") uses references [direct-substitution] that do not point to any target, or perhaps point to multiple targets.  Maybe you typed an @xml:id value wrong, maybe the target of the @xml:id is nonexistent, or maybe you temporarily removed the target from your source, or maybe an auxiliary file contains a duplicate.  Your output will contain some placeholder text that you will not want to distribute to your readers.
INFO    :     *              located within: "activity-limits-rationals2" (xml:id)
INFO    : successful application of C:\Users\cory.g.wilson\.ptx\xsl\pretext-html.xsl
INFO    : 
Success! Run `pretext view` to see the results.

