INFO    : PreTeXt-CLI version: 2.4.1

INFO    : PreTeXt project found in `C:\Users\cory.g.wilson\Dropbox\school\occc\calc-coordination\tbil`.
INFO    : Since no target was supplied, we will use "web".

INFO    : converting latex-image pictures from C:\Users\cory.g.wilson\Dropbox\school\occc\calc-coordination\tbil\source\main.ptx to svg graphics for placement in C:\Users\cory.g.wilson\Dropbox\school\occc\calc-coordination\tbil\generated-assets\latex-image
INFO    : extracting latex-image pictures from C:\Users\cory.g.wilson\Dropbox\school\occc\calc-coordination\tbil\source\main.ptx
INFO    : string parameters passed to extraction stylesheet: {'publisher': 'C:/Users/cory.g.wilson/Dropbox/school/occc/calc-coordination/tbil/publication/publication.ptx', 'subtree': 'two-functions-limits'}
INFO    : discovering source file's directory name: C:\Users\cory.g.wilson\Dropbox\school\occc\calc-coordination\tbil\source
INFO    : verifying and expanding input directory: C:\Users\cory.g.wilson\Dropbox\school\occc\calc-coordination\tbil\source\../generated-assets
INFO    : input directory expanded to absolute path: C:\Users\cory.g.wilson\Dropbox\school\occc\calc-coordination\tbil\generated-assets
INFO    : verifying and expanding input directory: C:\Users\cory.g.wilson\Dropbox\school\occc\calc-coordination\tbil\source\../assets
INFO    : input directory expanded to absolute path: C:\Users\cory.g.wilson\Dropbox\school\occc\calc-coordination\tbil\assets
INFO    : XSL conversion of C:\Users\cory.g.wilson\Dropbox\school\occc\calc-coordination\tbil\source\main.ptx by C:\Users\cory.g.wilson\.ptx\xsl\extract-latex-image.xsl
INFO    : successful application of C:\Users\cory.g.wilson\.ptx\xsl\extract-latex-image.xsl
INFO    : converting two-functions-limits.tex to two-functions-limits.pdf
ERROR   : LaTeX compilation of two-functions-limits.tex failed.
Re-run, requesting "source" as the format, to analyze the image.
Likely creating the entire document as PDF will fail similarly.
The transcript of the LaTeX run follows.
WARNING : Unable to generate some latex-image assets:
 LaTeX compilation failed for 1 "latex-image"(s).
Review the log for error messages, and LaTeX transcripts.
Images are:
  two-functions-limits.tex
INFO    : Removing temporary directory C:\Users\CORYG~1.WIL\AppData\Local\Temp\ptx-ej9_9i_d
INFO    : Preparing to build into C:\Users\cory.g.wilson\Dropbox\school\occc\calc-coordination\tbil\output\web.
INFO    : discovering source file's directory name: C:\Users\cory.g.wilson\Dropbox\school\occc\calc-coordination\tbil\source
INFO    : verifying and expanding input directory: C:\Users\cory.g.wilson\Dropbox\school\occc\calc-coordination\tbil\source\../generated-assets
INFO    : input directory expanded to absolute path: C:\Users\cory.g.wilson\Dropbox\school\occc\calc-coordination\tbil\generated-assets
INFO    : verifying and expanding input directory: C:\Users\cory.g.wilson\Dropbox\school\occc\calc-coordination\tbil\source\../assets
INFO    : input directory expanded to absolute path: C:\Users\cory.g.wilson\Dropbox\school\occc\calc-coordination\tbil\assets
INFO    : Runestone Services (via PreTeXt repository): version 7.2.15
INFO    : Runestone Services (using newer, via online CDN query): version 7.3.3
INFO    : converting C:\Users\cory.g.wilson\Dropbox\school\occc\calc-coordination\tbil\source\main.ptx to HTML in C:\Users\CORYG~1.WIL\AppData\Local\Temp\ptx-s6wm9_b9
INFO    : XSL conversion of C:\Users\cory.g.wilson\Dropbox\school\occc\calc-coordination\tbil\source\main.ptx by C:\Users\cory.g.wilson\.ptx\xsl\pretext-html.xsl
INFO    : successful application of C:\Users\cory.g.wilson\.ptx\xsl\pretext-html.xsl
INFO    : 
Success! Run `pretext view` to see the results.

INFO    : While running pretext, the following errors occurred:

