INFO    : PreTeXt-CLI version: 2.4.1

INFO    : PreTeXt project found in `C:\Users\cory.g.wilson\Dropbox\school\occc\calc-notes\tbil`.
INFO    : Since no target was supplied, we will use "web".

INFO    : Staging latest build located in `C:\Users\cory.g.wilson\Dropbox\school\occc\calc-notes\tbil\output\web` at `C:\Users\cory.g.wilson\Dropbox\school\occc\calc-notes\tbil\output\stage`.
INFO    : 
INFO    : Deployment is now staged at `C:\Users\cory.g.wilson\Dropbox\school\occc\calc-notes\tbil\output\stage`.
INFO    : Preparing to deploy from active `main` git branch.
INFO    : 
INFO    : Changes to project source since last commit detected.
INFO    : Add/committing these changes to local Git repository.
INFO    : 
INFO    : Committing your latest build to the `gh-pages` branch.
INFO    : 
INFO    : Attempting to connect to remote repository at `git@github.com:cg2wilson/calc-1-tbil.git`...
INFO    : 
WARNING : There was an issue connecting to GitHub repository located at https://github.com/cg2wilson/calc-1-tbil/
INFO    : 
INFO    : If you haven't already, configure SSH with GitHub by following instructions at:
INFO    :     https://docs.github.com/en/authentication/connecting-to-github-with-ssh
INFO    : Then try to deploy again.
INFO    : 
INFO    : If `git@github.com:cg2wilson/calc-1-tbil.git` doesn't match your GitHub repository,
INFO    : use `git remote remove origin` on the command line then try to deploy again.
INFO    : 
ERROR   : Deploy was unsuccessful.
INFO    : While running pretext, the following errors occurred:

